Triggered at Sat Jul 11 13:49:10 UTC 2026
Triggered at Sat Jul 11 14:37:17 UTC 2026
Triggered at Sat Jul 11 15:39:05 UTC 2026
Triggered at Sat Jul 11 16:29:43 UTC 2026
Triggered at Sat Jul 11 17:31:01 UTC 2026
Triggered at Sat Jul 11 18:29:01 UTC 2026
Triggered at Sat Jul 11 19:42:33 UTC 2026
Triggered at Sat Jul 11 20:28:52 UTC 2026
Triggered at Sat Jul 11 21:23:26 UTC 2026
Triggered at Sat Jul 11 22:11:03 UTC 2026
Triggered at Sat Jul 11 23:09:11 UTC 2026
Triggered at Sun Jul 12 00:08:22 UTC 2026
Triggered at Sun Jul 12 03:52:03 UTC 2026
Triggered at Sun Jul 12 06:22:52 UTC 2026
Triggered at Sun Jul 12 08:34:30 UTC 2026
Triggered at Sun Jul 12 10:12:14 UTC 2026
Triggered at Sun Jul 12 11:28:59 UTC 2026
Triggered at Sun Jul 12 12:28:45 UTC 2026
Triggered at Sun Jul 12 14:04:16 UTC 2026
Triggered at Sun Jul 12 15:08:25 UTC 2026
Triggered at Sun Jul 12 16:08:47 UTC 2026
Triggered at Sun Jul 12 17:14:11 UTC 2026
Triggered at Sun Jul 12 18:09:25 UTC 2026
Triggered at Sun Jul 12 19:22:07 UTC 2026
Triggered at Sun Jul 12 20:11:34 UTC 2026
Triggered at Sun Jul 12 21:05:51 UTC 2026
Triggered at Sun Jul 12 22:03:44 UTC 2026
Triggered at Sun Jul 12 23:01:23 UTC 2026
Triggered at Mon Jul 13 00:02:44 UTC 2026
Triggered at Mon Jul 13 03:48:55 UTC 2026
Triggered at Mon Jul 13 06:40:50 UTC 2026
Triggered at Mon Jul 13 09:58:02 UTC 2026
Triggered at Mon Jul 13 12:32:05 UTC 2026
Triggered at Mon Jul 13 15:26:13 UTC 2026
Triggered at Mon Jul 13 17:28:11 UTC 2026
Triggered at Mon Jul 13 18:55:34 UTC 2026
Triggered at Mon Jul 13 20:08:25 UTC 2026
Triggered at Mon Jul 13 21:11:10 UTC 2026
Triggered at Mon Jul 13 22:08:32 UTC 2026
Triggered at Mon Jul 13 23:10:09 UTC 2026
Triggered at Tue Jul 14 00:05:19 UTC 2026
Triggered at Tue Jul 14 03:26:51 UTC 2026
Triggered at Tue Jul 14 05:51:10 UTC 2026
Triggered at Tue Jul 14 07:30:16 UTC 2026
Triggered at Tue Jul 14 09:26:53 UTC 2026
Triggered at Tue Jul 14 11:06:01 UTC 2026
Triggered at Tue Jul 14 12:20:39 UTC 2026
Triggered at Tue Jul 14 14:18:43 UTC 2026
Triggered at Tue Jul 14 15:51:11 UTC 2026
Triggered at Tue Jul 14 16:57:01 UTC 2026
Triggered at Tue Jul 14 18:00:39 UTC 2026
Triggered at Tue Jul 14 19:37:18 UTC 2026
Triggered at Tue Jul 14 20:41:28 UTC 2026
Triggered at Tue Jul 14 21:37:05 UTC 2026
Triggered at Tue Jul 14 22:35:43 UTC 2026
Triggered at Tue Jul 14 23:28:48 UTC 2026
Triggered at Wed Jul 15 00:51:09 UTC 2026
Triggered at Wed Jul 15 03:49:51 UTC 2026
Triggered at Wed Jul 15 06:02:32 UTC 2026
Triggered at Wed Jul 15 08:29:54 UTC 2026
Triggered at Wed Jul 15 10:22:10 UTC 2026
Triggered at Wed Jul 15 11:54:16 UTC 2026
Triggered at Wed Jul 15 13:11:43 UTC 2026
Triggered at Wed Jul 15 15:01:29 UTC 2026
Triggered at Wed Jul 15 16:39:53 UTC 2026
Triggered at Wed Jul 15 17:51:57 UTC 2026
Triggered at Wed Jul 15 18:48:37 UTC 2026
Triggered at Wed Jul 15 19:56:07 UTC 2026
Triggered at Wed Jul 15 20:55:18 UTC 2026
Triggered at Wed Jul 15 21:52:04 UTC 2026
Triggered at Wed Jul 15 22:43:59 UTC 2026
Triggered at Wed Jul 15 23:41:38 UTC 2026
Triggered at Thu Jul 16 01:07:08 UTC 2026
Triggered at Thu Jul 16 04:21:18 UTC 2026
Triggered at Thu Jul 16 06:37:15 UTC 2026
Triggered at Thu Jul 16 08:58:30 UTC 2026
Triggered at Thu Jul 16 11:01:46 UTC 2026
Triggered at Thu Jul 16 12:26:40 UTC 2026
Triggered at Thu Jul 16 14:31:56 UTC 2026
Triggered at Thu Jul 16 16:00:22 UTC 2026
Triggered at Thu Jul 16 17:25:28 UTC 2026
Triggered at Thu Jul 16 18:38:18 UTC 2026
Triggered at Thu Jul 16 19:44:45 UTC 2026
Triggered at Thu Jul 16 20:35:39 UTC 2026
Triggered at Thu Jul 16 21:40:51 UTC 2026
Triggered at Thu Jul 16 22:37:19 UTC 2026
Triggered at Thu Jul 16 23:33:11 UTC 2026
Triggered at Fri Jul 17 01:06:19 UTC 2026
Triggered at Fri Jul 17 04:18:59 UTC 2026
Triggered at Fri Jul 17 06:31:21 UTC 2026
Triggered at Fri Jul 17 08:37:26 UTC 2026
Triggered at Fri Jul 17 10:23:34 UTC 2026
Triggered at Fri Jul 17 11:47:39 UTC 2026
Triggered at Fri Jul 17 12:50:30 UTC 2026
Triggered at Fri Jul 17 14:21:12 UTC 2026
Triggered at Fri Jul 17 15:49:34 UTC 2026
Triggered at Fri Jul 17 16:53:34 UTC 2026
Triggered at Fri Jul 17 17:55:31 UTC 2026
Triggered at Fri Jul 17 18:58:09 UTC 2026
Triggered at Fri Jul 17 20:05:40 UTC 2026
Triggered at Fri Jul 17 21:05:09 UTC 2026
Triggered at Fri Jul 17 22:02:40 UTC 2026
Triggered at Fri Jul 17 22:58:21 UTC 2026
Triggered at Fri Jul 17 23:53:49 UTC 2026
Triggered at Sat Jul 18 01:20:28 UTC 2026
Triggered at Sat Jul 18 04:16:46 UTC 2026
Triggered at Sat Jul 18 06:22:02 UTC 2026
Triggered at Sat Jul 18 08:13:24 UTC 2026
Triggered at Sat Jul 18 09:44:53 UTC 2026
Triggered at Sat Jul 18 10:49:37 UTC 2026
Triggered at Sat Jul 18 11:39:29 UTC 2026
Triggered at Sat Jul 18 12:36:27 UTC 2026
Triggered at Sat Jul 18 14:04:18 UTC 2026
Triggered at Sat Jul 18 15:06:56 UTC 2026
Triggered at Sat Jul 18 16:06:56 UTC 2026
Triggered at Sat Jul 18 17:09:02 UTC 2026
Triggered at Sat Jul 18 18:04:55 UTC 2026
Triggered at Sat Jul 18 19:19:21 UTC 2026
Triggered at Sat Jul 18 20:08:53 UTC 2026
Triggered at Sat Jul 18 21:03:03 UTC 2026
Triggered at Sat Jul 18 21:58:56 UTC 2026
Triggered at Sat Jul 18 22:53:02 UTC 2026
Triggered at Sat Jul 18 23:39:01 UTC 2026
Triggered at Sun Jul 19 01:08:47 UTC 2026
Triggered at Sun Jul 19 04:31:54 UTC 2026
Triggered at Sun Jul 19 07:08:24 UTC 2026
Triggered at Sun Jul 19 09:14:46 UTC 2026
Triggered at Sun Jul 19 10:44:09 UTC 2026
Triggered at Sun Jul 19 11:42:47 UTC 2026
Triggered at Sun Jul 19 12:36:54 UTC 2026
Triggered at Sun Jul 19 14:08:45 UTC 2026
Triggered at Sun Jul 19 15:12:00 UTC 2026
Triggered at Sun Jul 19 16:09:16 UTC 2026
Triggered at Sun Jul 19 17:13:05 UTC 2026
Triggered at Sun Jul 19 18:07:38 UTC 2026
Triggered at Sun Jul 19 19:22:06 UTC 2026
Triggered at Sun Jul 19 20:13:02 UTC 2026
Triggered at Sun Jul 19 21:07:16 UTC 2026
Triggered at Sun Jul 19 22:05:36 UTC 2026
Triggered at Sun Jul 19 23:05:06 UTC 2026
Triggered at Mon Jul 20 00:06:56 UTC 2026
Triggered at Mon Jul 20 03:58:08 UTC 2026
Triggered at Mon Jul 20 06:46:53 UTC 2026
Triggered at Mon Jul 20 09:46:44 UTC 2026
Triggered at Mon Jul 20 12:04:49 UTC 2026
Triggered at Mon Jul 20 14:29:19 UTC 2026
Triggered at Mon Jul 20 16:09:09 UTC 2026
Triggered at Mon Jul 20 18:16:24 UTC 2026
Triggered at Mon Jul 20 19:58:38 UTC 2026
Triggered at Mon Jul 20 21:13:18 UTC 2026
Triggered at Mon Jul 20 22:13:23 UTC 2026
Triggered at Mon Jul 20 23:14:45 UTC 2026
Triggered at Tue Jul 21 00:10:52 UTC 2026
